<?xml version="1.0" encoding="UTF-8"?>
<testng-results ignored="0" total="3" passed="2" failed="1" skipped="0">
  <reporter-output>
  </reporter-output>
  <suite started-at="2022-07-26T08:43:29 IST" name="Default suite" finished-at="2022-07-26T08:43:36 IST" duration-ms="6384">
    <groups>
    </groups>
    <test started-at="2022-07-26T08:43:29 IST" name="Default test" finished-at="2022-07-26T08:43:36 IST" duration-ms="6384">
      <class name="test.LoginPageTest">
        <test-method is-config="true" signature="configureReport()[pri:0, instance:test.LoginPageTest@1e6a3214]" started-at="2022-07-26T08:43:29 IST" name="configureReport" finished-at="2022-07-26T08:43:29 IST" duration-ms="229" status="PASS">
          <reporter-output>
          </reporter-output>
        </test-method> <!-- configureReport -->
        <test-method is-config="true" signature="lunchBrowser()[pri:0, instance:test.LoginPageTest@1e6a3214]" started-at="2022-07-26T08:43:29 IST" name="lunchBrowser" finished-at="2022-07-26T08:43:31 IST" duration-ms="1906" status="PASS">
          <reporter-output>
          </reporter-output>
        </test-method> <!-- lunchBrowser -->
        <test-method signature="loginZerodhaTest()[pri:0, instance:test.LoginPageTest@1e6a3214]" started-at="2022-07-26T08:43:31 IST" name="loginZerodhaTest" finished-at="2022-07-26T08:43:32 IST" duration-ms="851" status="FAIL">
          <exception class="java.lang.AssertionError">
            <message>
              <![CDATA[The following asserts failed:
expected [Kite - Zerodha's fast and elegant flagship trading ] but found [Kite - Zerodha's fast and elegant flagship trading platform]]]>
            </message>
            <full-stacktrace>
              <![CDATA[java.lang.AssertionError: The following asserts failed:
expected [Kite - Zerodha's fast and elegant flagship trading ] but found [Kite - Zerodha's fast and elegant flagship trading platform]
at org.testng.asserts.SoftAssert.assertAll(SoftAssert.java:46)
at org.testng.asserts.SoftAssert.assertAll(SoftAssert.java:30)
at test.LoginPageTest.loginZerodhaTest(LoginPageTest.java:57)
at java.base/jdk.internal.reflect.NativeMethodAccessorImpl.invoke0(Native Method)
at java.base/jdk.internal.reflect.NativeMethodAccessorImpl.invoke(NativeMethodAccessorImpl.java:77)
at java.base/jdk.internal.reflect.DelegatingMethodAccessorImpl.invoke(DelegatingMethodAccessorImpl.java:43)
at java.base/java.lang.reflect.Method.invoke(Method.java:568)
at org.testng.internal.invokers.MethodInvocationHelper.invokeMethod(MethodInvocationHelper.java:139)
at org.testng.internal.invokers.TestInvoker.invokeMethod(TestInvoker.java:677)
at org.testng.internal.invokers.TestInvoker.invokeTestMethod(TestInvoker.java:221)
at org.testng.internal.invokers.MethodRunner.runInSequence(MethodRunner.java:50)
at org.testng.internal.invokers.TestInvoker$MethodInvocationAgent.invoke(TestInvoker.java:962)
at org.testng.internal.invokers.TestInvoker.invokeTestMethods(TestInvoker.java:194)
at org.testng.internal.invokers.TestMethodWorker.invokeTestMethods(TestMethodWorker.java:148)
at org.testng.internal.invokers.TestMethodWorker.run(TestMethodWorker.java:128)
at java.base/java.util.ArrayList.forEach(ArrayList.java:1511)
at org.testng.TestRunner.privateRun(TestRunner.java:806)
at org.testng.TestRunner.run(TestRunner.java:601)
at org.testng.SuiteRunner.runTest(SuiteRunner.java:433)
at org.testng.SuiteRunner.runSequentially(SuiteRunner.java:427)
at org.testng.SuiteRunner.privateRun(SuiteRunner.java:387)
at org.testng.SuiteRunner.run(SuiteRunner.java:330)
at org.testng.SuiteRunnerWorker.runSuite(SuiteRunnerWorker.java:52)
at org.testng.SuiteRunnerWorker.run(SuiteRunnerWorker.java:95)
at org.testng.TestNG.runSuitesSequentially(TestNG.java:1256)
at org.testng.TestNG.runSuitesLocally(TestNG.java:1176)
at org.testng.TestNG.runSuites(TestNG.java:1099)
at org.testng.TestNG.run(TestNG.java:1067)
at org.testng.remote.AbstractRemoteTestNG.run(AbstractRemoteTestNG.java:115)
at org.testng.remote.RemoteTestNG.initAndRun(RemoteTestNG.java:251)
at org.testng.remote.RemoteTestNG.main(RemoteTestNG.java:77)
]]>
            </full-stacktrace>
          </exception> <!-- java.lang.AssertionError -->
          <reporter-output>
          </reporter-output>
        </test-method> <!-- loginZerodhaTest -->
        <test-method is-config="true" signature="postExcution(org.testng.ITestResult)[pri:0, instance:test.LoginPageTest@1e6a3214]" started-at="2022-07-26T08:43:33 IST" name="postExcution" finished-at="2022-07-26T08:43:33 IST" duration-ms="6" status="PASS">
          <params>
            <param index="0">
              <value>
                <![CDATA[[TestResult name=loginZerodhaTest status=FAILURE method=LoginPageTest.loginZerodhaTest()[pri:0, instance:test.LoginPageTest@1e6a3214] output={null}]]]>
              </value>
            </param>
          </params>
          <reporter-output>
          </reporter-output>
        </test-method> <!-- postExcution -->
        <test-method is-config="true" signature="lunchBrowser()[pri:0, instance:test.LoginPageTest@1e6a3214]" started-at="2022-07-26T08:43:33 IST" name="lunchBrowser" finished-at="2022-07-26T08:43:34 IST" duration-ms="1190" status="PASS">
          <reporter-output>
          </reporter-output>
        </test-method> <!-- lunchBrowser -->
        <test-method signature="verifySignUpFeature()[pri:0, instance:test.LoginPageTest@1e6a3214]" started-at="2022-07-26T08:43:34 IST" name="verifySignUpFeature" finished-at="2022-07-26T08:43:34 IST" duration-ms="94" status="PASS">
          <reporter-output>
          </reporter-output>
        </test-method> <!-- verifySignUpFeature -->
        <test-method is-config="true" signature="postExcution(org.testng.ITestResult)[pri:0, instance:test.LoginPageTest@1e6a3214]" started-at="2022-07-26T08:43:34 IST" name="postExcution" finished-at="2022-07-26T08:43:34 IST" duration-ms="0" status="PASS">
          <params>
            <param index="0">
              <value>
                <![CDATA[[TestResult name=verifySignUpFeature status=SUCCESS method=LoginPageTest.verifySignUpFeature()[pri:0, instance:test.LoginPageTest@1e6a3214] output={null}]]]>
              </value>
            </param>
          </params>
          <reporter-output>
          </reporter-output>
        </test-method> <!-- postExcution -->
        <test-method is-config="true" signature="lunchBrowser()[pri:0, instance:test.LoginPageTest@1e6a3214]" started-at="2022-07-26T08:43:34 IST" name="lunchBrowser" finished-at="2022-07-26T08:43:35 IST" duration-ms="1180" status="PASS">
          <reporter-output>
          </reporter-output>
        </test-method> <!-- lunchBrowser -->
        <test-method signature="zerodhaForgotPasswordFeatureTest()[pri:0, instance:test.LoginPageTest@1e6a3214]" started-at="2022-07-26T08:43:35 IST" name="zerodhaForgotPasswordFeatureTest" finished-at="2022-07-26T08:43:35 IST" duration-ms="79" status="PASS">
          <reporter-output>
          </reporter-output>
        </test-method> <!-- zerodhaForgotPasswordFeatureTest -->
        <test-method is-config="true" signature="postExcution(org.testng.ITestResult)[pri:0, instance:test.LoginPageTest@1e6a3214]" started-at="2022-07-26T08:43:35 IST" name="postExcution" finished-at="2022-07-26T08:43:35 IST" duration-ms="0" status="PASS">
          <params>
            <param index="0">
              <value>
                <![CDATA[[TestResult name=zerodhaForgotPasswordFeatureTest status=SUCCESS method=LoginPageTest.zerodhaForgotPasswordFeatureTest()[pri:0, instance:test.LoginPageTest@1e6a3214] output={null}]]]>
              </value>
            </param>
          </params>
          <reporter-output>
          </reporter-output>
        </test-method> <!-- postExcution -->
        <test-method is-config="true" signature="publishReport()[pri:0, instance:test.LoginPageTest@1e6a3214]" started-at="2022-07-26T08:43:35 IST" name="publishReport" finished-at="2022-07-26T08:43:36 IST" duration-ms="238" status="PASS">
          <reporter-output>
          </reporter-output>
        </test-method> <!-- publishReport -->
      </class> <!-- test.LoginPageTest -->
    </test> <!-- Default test -->
  </suite> <!-- Default suite -->
</testng-results>
